[ 2017-11-26T22:31:11+08:00 ] ::1 /index.php/Home/msg/index.html
INFO: [ app_init ] --START--
INFO: Run Behavior\BuildLiteBehavior [ RunTime:0.000013s ]
INFO: [ app_init ] --END-- [ RunTime:0.016952s ]
INFO: [ app_begin ] --START--
INFO: Run Behavior\ReadHtmlCacheBehavior [ RunTime:0.023951s ]
INFO: [ app_begin ] --END-- [ RunTime:0.024010s ]
SQL: SHOW COLUMNS FROM `msgs` [ RunTime:0.0070s ]
SQL: SELECT COUNT(*) AS tp_count FROM `msgs` LIMIT 1   [ RunTime:0.0006s ]
SQL: SELECT * FROM `msgs` LIMIT 0,3   [ RunTime:0.0004s ]
INFO: [ view_parse ] --START--
INFO: [ template_filter ] --START--
INFO: Run Behavior\ContentReplaceBehavior [ RunTime:0.000048s ]
INFO: [ template_filter ] --END-- [ RunTime:0.000089s ]
INFO: Run Behavior\ParseTemplateBehavior [ RunTime:0.130266s ]
INFO: [ view_parse ] --END-- [ RunTime:0.130359s ]
INFO: [ view_filter ] --START--
INFO: Run Behavior\WriteHtmlCacheBehavior [ RunTime:0.017310s ]
INFO: [ view_filter ] --END-- [ RunTime:0.017355s ]
INFO: [ app_end ] --START--
INFO: Run Behavior\ShowPageTraceBehavior [ RunTime:0.013188s ]
INFO: [ app_end ] --END-- [ RunTime:0.013241s ]

